<?xml version='1.0' encoding='UTF-8'?>
<dataset>
  <USER_DEPARTMENT DEPARTMENT_ID="1" NAME="TE-CON" CODE="TEC"/>
  <USER_DEPARTMENT DEPARTMENT_ID="2" NAME="DUMMY DEPT" CODE="TAI"/>  
  <USERS USER_ID="1" USERNAME="thies" PASSWORD="thies" FIRST_NAME="Thies" LAST_NAME="Edeling" DEPARTMENT_ID="1" EMAIL="thies@rrm.net" ACTIVE="Y"/>
  <USERS USER_ID="2" USERNAME="admin" PASSWORD="admin" FIRST_NAME="Test" LAST_NAME="Adminedeizaretized" DEPARTMENT_ID="1" EMAIL="thies@te-con.nl" ACTIVE="Y"/>
  <USERS USER_ID="3" USERNAME="testacc" PASSWORD="garbled" FIRST_NAME="Search" LAST_NAME="Mezed" DEPARTMENT_ID="1" ACTIVE="Y"/>
  <USERS USER_ID="4" USERNAME="inactivein" PASSWORD="garbled" FIRST_NAME="Search" LAST_NAME="Mezed" DEPARTMENT_ID="1" ACTIVE="N"/>  
  <USERS USER_ID="5" USERNAME="pmWithoutProject" PASSWORD="garbled" FIRST_NAME="Role" LAST_NAME="WithoutProject" DEPARTMENT_ID="1" ACTIVE="Y"/>

  <USER_ROLE ROLE="ROLE_ADMIN" NAME="Administrator"/>
  <USER_ROLE ROLE="ROLE_CONSULTANT" NAME="Consultant"/>
  <USER_ROLE ROLE="ROLE_PROJECTMANAGER" NAME="Project Manager"/>  
  <USER_ROLE ROLE="ROLE_REPORT" NAME="Reporter"/>

  <USER_TO_USERROLE ROLE="ROLE_CONSULTANT" USER_ID="1"/>
  <USER_TO_USERROLE ROLE="ROLE_PROJECTMANAGER" USER_ID="1"   />
  <USER_TO_USERROLE ROLE="ROLE_ADMIN" USER_ID="2"/>
  <USER_TO_USERROLE ROLE="ROLE_PROJECTMANAGER" USER_ID="2"  />  
  <USER_TO_USERROLE ROLE="ROLE_CONSULTANT" USER_ID="2"/>  
  <USER_TO_USERROLE ROLE="ROLE_CONSULTANT" USER_ID="3"/>  
  <USER_TO_USERROLE ROLE="ROLE_ADMIN" USER_ID="3"/>
  <USER_TO_USERROLE ROLE="ROLE_PROJECTMANAGER" USER_ID="3"/>  
  <USER_TO_USERROLE ROLE="ROLE_CONSULTANT" USER_ID="5"/>
  <USER_TO_USERROLE ROLE="ROLE_REPORT" USER_ID="5"/>    

  <CUSTOMER CUSTOMER_ID="1" NAME="Te-con" DESCRIPTION="Java contractor" CODE="TEC" ACTIVE="Y"/>
  <CUSTOMER CUSTOMER_ID="2" NAME="Tester" DESCRIPTION="Test customer" CODE="TEST" ACTIVE="Y"/>  
  <CUSTOMER CUSTOMER_ID="3" NAME="Inactive" DESCRIPTION="Test customer" CODE="TEST" ACTIVE="N"/>    
  <CUSTOMER CUSTOMER_ID="4" NAME="Another" DESCRIPTION="Test customer" CODE="TEST" ACTIVE="Y"/>  

  <PROJECT PROJECT_ID="1" CUSTOMER_ID="1" NAME="eHour" PROJECT_MANAGER="1" DESCRIPTION="eHour development" CONTACT="Thies Edeling" PROJECT_CODE="EHR" DEFAULT_PROJECT="N" ACTIVE="Y"/>
  <PROJECT PROJECT_ID="2" CUSTOMER_ID="2" NAME="Days off" PROJECT_MANAGER="2" DESCRIPTION="Vacation days" PROJECT_CODE="DAO" DEFAULT_PROJECT="Y" ACTIVE="Y"/>
  <PROJECT PROJECT_ID="3" CUSTOMER_ID="3" NAME="Days on" DESCRIPTION="Vacation days" PROJECT_CODE="DAO" DEFAULT_PROJECT="Y" ACTIVE="N"/>  
  <PROJECT PROJECT_ID="4" CUSTOMER_ID="4" NAME="Default Project" DESCRIPTION="Vacation days" PROJECT_CODE="DEF" DEFAULT_PROJECT="Y" ACTIVE="Y"/>    
  <PROJECT PROJECT_ID="5" CUSTOMER_ID="3" NAME="Days on" PROJECT_MANAGER="1" DESCRIPTION="Vacation days" PROJECT_CODE="DAO" DEFAULT_PROJECT="N" ACTIVE="Y"/>  
  
  <PROJECT_ASSIGNMENT_TYPE ASSIGNMENT_TYPE_ID="0" ASSIGNMENT_TYPE="DATE_TYPE"/>
  <PROJECT_ASSIGNMENT_TYPE ASSIGNMENT_TYPE_ID="2" ASSIGNMENT_TYPE="TIME_ALLOTTED_FIXED"/>
  <PROJECT_ASSIGNMENT_TYPE ASSIGNMENT_TYPE_ID="3" ASSIGNMENT_TYPE="TIME_ALLOTTED_FLEX"/>
  
  <PROJECT_ASSIGNMENT ASSIGNMENT_ID="1" PROJECT_ID="1" HOURLY_RATE="95.0" DATE_START="2006-10-01" DATE_END="2007-09-28" ROLE="Developer" USER_ID="1" ASSIGNMENT_TYPE_ID="0" ACTIVE="Y" NOTIFY_PM_ON_OVERRUN="N" />
  <PROJECT_ASSIGNMENT ASSIGNMENT_ID="2" PROJECT_ID="2" DATE_START="2006-10-01" DATE_END="2006-10-23" USER_ID="1" ASSIGNMENT_TYPE_ID="0" ACTIVE="Y" NOTIFY_PM_ON_OVERRUN="N" />
  <PROJECT_ASSIGNMENT ASSIGNMENT_ID="3" PROJECT_ID="2" ASSIGNMENT_TYPE_ID="0" ACTIVE="Y" USER_ID="1" NOTIFY_PM_ON_OVERRUN="N" />  
  <PROJECT_ASSIGNMENT ASSIGNMENT_ID="4" PROJECT_ID="5" ASSIGNMENT_TYPE_ID="0" ACTIVE="N" USER_ID="1" NOTIFY_PM_ON_OVERRUN="N" />    
  <PROJECT_ASSIGNMENT ASSIGNMENT_ID="5" PROJECT_ID="1" HOURLY_RATE="95.0" DATE_START="2006-10-01" DATE_END="2007-09-28" ROLE="Developer" USER_ID="1" ASSIGNMENT_TYPE_ID="0" ACTIVE="Y" NOTIFY_PM_ON_OVERRUN="N" />
  <PROJECT_ASSIGNMENT ASSIGNMENT_ID="6" PROJECT_ID="1" HOURLY_RATE="92.50" ROLE="Developer" USER_ID="1" ASSIGNMENT_TYPE_ID="2" ACTIVE="Y" ALOTTED_HOURS="400" NOTIFY_PM_ON_OVERRUN="N" />
  <PROJECT_ASSIGNMENT ASSIGNMENT_ID="7" PROJECT_ID="2" HOURLY_RATE="87.50" ROLE="J2EE Developer" USER_ID="2" ASSIGNMENT_TYPE_ID="2" ACTIVE="Y" ALOTTED_HOURS="400" DATE_START="2007-02-01" NOTIFY_PM_ON_OVERRUN="N" />
  <PROJECT_ASSIGNMENT ASSIGNMENT_ID="8" PROJECT_ID="2" HOURLY_RATE="87.50" ROLE="J2EE Developer" USER_ID="2" ASSIGNMENT_TYPE_ID="2" ACTIVE="Y" ALOTTED_HOURS="400" DATE_START="2006-12-30" DATE_END="2007-01-30" NOTIFY_PM_ON_OVERRUN="N" />
  <PROJECT_ASSIGNMENT ASSIGNMENT_ID="9" PROJECT_ID="1" HOURLY_RATE="92.50" ROLE="Developer" USER_ID="1" ASSIGNMENT_TYPE_ID="2" ACTIVE="N" ALOTTED_HOURS="400" NOTIFY_PM_ON_OVERRUN="N" />
  <PROJECT_ASSIGNMENT ASSIGNMENT_ID="10" PROJECT_ID="4" HOURLY_RATE="100.00" ROLE="Developer" USER_ID="1" ASSIGNMENT_TYPE_ID="2" ACTIVE="Y" ALOTTED_HOURS="400" NOTIFY_PM_ON_OVERRUN="N" />
  <PROJECT_ASSIGNMENT ASSIGNMENT_ID="11" PROJECT_ID="3" HOURLY_RATE="95.0" DATE_START="2006-10-01" DATE_END="2007-09-28" ROLE="Developer" USER_ID="1" ASSIGNMENT_TYPE_ID="0" ACTIVE="N" NOTIFY_PM_ON_OVERRUN="N" />
  <PROJECT_ASSIGNMENT ASSIGNMENT_ID="12" PROJECT_ID="2" HOURLY_RATE="95.0" DATE_START="2006-10-01" DATE_END="2007-09-28" ROLE="Developer" USER_ID="2" ASSIGNMENT_TYPE_ID="0" ACTIVE="N" NOTIFY_PM_ON_OVERRUN="N" />

  <TIMESHEET_ENTRY ASSIGNMENT_ID="1" ENTRY_DATE="2006-10-02" UPDATE_DATE="2006-10-02 12:00:00.0" HOURS="8.0" />
  <TIMESHEET_ENTRY ASSIGNMENT_ID="1" ENTRY_DATE="2006-10-03" UPDATE_DATE="2006-10-02 12:00:01.0" HOURS="4.0" />
  <TIMESHEET_ENTRY ASSIGNMENT_ID="2" ENTRY_DATE="2006-10-03" UPDATE_DATE="2006-10-02 12:00:02.0" HOURS="-4.0" />
  <TIMESHEET_ENTRY ASSIGNMENT_ID="1" ENTRY_DATE="2006-10-04" UPDATE_DATE="2006-10-02 12:00:03.0" HOURS="2.0" />
  <TIMESHEET_ENTRY ASSIGNMENT_ID="2" ENTRY_DATE="2006-10-04" UPDATE_DATE="2006-10-02 12:00:04.0" HOURS="-3.0" />
  <TIMESHEET_ENTRY ASSIGNMENT_ID="1" ENTRY_DATE="2006-10-06" UPDATE_DATE="2006-10-02 12:00:05.0" HOURS="6.5" />
  <TIMESHEET_ENTRY ASSIGNMENT_ID="1" ENTRY_DATE="2006-10-10" UPDATE_DATE="2006-10-02 12:00:06.0" HOURS="9.0" />
  <TIMESHEET_ENTRY ASSIGNMENT_ID="1" ENTRY_DATE="2006-10-31" UPDATE_DATE="2006-10-02 12:00:13.0" HOURS="9.2" />  
  <TIMESHEET_ENTRY ASSIGNMENT_ID="5" ENTRY_DATE="2006-10-03" UPDATE_DATE="2006-10-02 12:00:08.0" HOURS="9.2" />    
  <TIMESHEET_ENTRY ASSIGNMENT_ID="5" ENTRY_DATE="2007-02-02" UPDATE_DATE="2006-10-02 12:00:09.0" HOURS="8.0" />
  <TIMESHEET_ENTRY ASSIGNMENT_ID="7" ENTRY_DATE="2007-02-02" UPDATE_DATE="2006-10-02 12:00:10.0" HOURS="8.0" />
  <TIMESHEET_ENTRY ASSIGNMENT_ID="12" ENTRY_DATE="2007-02-01" UPDATE_DATE="2006-10-02 12:00:11.0" HOURS="8.0" />
  
  <TIMESHEET_COMMENT USER_ID="1" COMMENT_DATE="2007-01-07" COMMENT="Had to go to the dentist"/>
  <TIMESHEET_COMMENT USER_ID="1" COMMENT_DATE="2007-01-14" COMMENT="Had to go to the dentist again"/>
  <TIMESHEET_COMMENT USER_ID="2" COMMENT_DATE="2007-01-21" COMMENT="Had to go to the dentist as well"/>    
  <TIMESHEET_COMMENT USER_ID="3" COMMENT_DATE="2007-01-28" COMMENT="There is an infectious dentist thing going on!"/>      

  <MAIL_TYPE MAIL_TYPE_ID="1" MAIL_TYPE="ALLOTTED_FIXED_REACHED"/>
  <MAIL_TYPE MAIL_TYPE_ID="2" MAIL_TYPE="ALLOTTED_OVERRUN_REACHED"/>


  <MAIL_LOG MAIL_LOG_ID="8" MAIL_TYPE_ID="2" TIMESTAMP="2007-04-07 12:32:40.0" SUCCESS="Y" TO_USER_ID="1"/>
  <MAIL_LOG MAIL_LOG_ID="9" MAIL_TYPE_ID="2" TIMESTAMP="2007-04-07 12:33:04.0" SUCCESS="Y" TO_USER_ID="1"/>
  <MAIL_LOG MAIL_LOG_ID="10" MAIL_TYPE_ID="2" TIMESTAMP="2007-04-07 12:34:32.0" SUCCESS="Y" TO_USER_ID="1"/>

  <MAIL_LOG_ASSIGNMENT MAIL_LOG_ID="10" PROJECT_ASSIGNMENT_ID="1" BOOKED_HOURS="121.1" BOOK_DATE="2007-04-07 12:34:32.0"/>
  <MAIL_LOG_ASSIGNMENT MAIL_LOG_ID="9" PROJECT_ASSIGNMENT_ID="2" BOOKED_HOURS="151.1" BOOK_DATE="2007-04-07 12:34:34.0"/>
  
  <AUDIT AUDIT_ID="60" USER_ID="2" USER_FULLNAME="Admin, eHour" AUDIT_DATE="2008-11-10 21:29:10.0" ACTION="getUserDepartments" PARAMETERS="" SUCCESS="Y" AUDIT_ACTION_TYPE="READ"/>
  <AUDIT AUDIT_ID="61" USER_ID="2" USER_FULLNAME="Admin, eHour" AUDIT_DATE="2008-11-10 21:29:22.0" ACTION="getUserDepartment" PARAMETERS="0:2" SUCCESS="Y" AUDIT_ACTION_TYPE="READ"/>
  <AUDIT AUDIT_ID="62" USER_ID="2" USER_FULLNAME="Admin, eHour" AUDIT_DATE="2008-11-10 21:29:25.0" ACTION="getUsers" PARAMETERS="" SUCCESS="Y" AUDIT_ACTION_TYPE="READ"/>
  <AUDIT AUDIT_ID="63" USER_ID="2" USER_FULLNAME="Admin, eHour" AUDIT_DATE="2008-11-10 21:29:25.0" ACTION="getUserRoles" PARAMETERS="" SUCCESS="Y" AUDIT_ACTION_TYPE="READ"/>
  <AUDIT AUDIT_ID="64" USER_ID="2" USER_FULLNAME="Admin, eHour" AUDIT_DATE="2008-11-10 21:29:25.0" ACTION="getUserDepartments" PARAMETERS="" SUCCESS="Y" AUDIT_ACTION_TYPE="READ"/>
  <AUDIT AUDIT_ID="65" USER_ID="2" USER_FULLNAME="Admin, eHour" AUDIT_DATE="2008-11-10 21:55:13.0" ACTION="getCustomers" PARAMETERS="0:true" SUCCESS="Y" AUDIT_ACTION_TYPE="READ"/>
  <AUDIT AUDIT_ID="66" AUDIT_DATE="2008-11-10 21:56:45.0" ACTION="getUser" PARAMETERS="0:admin" SUCCESS="Y" AUDIT_ACTION_TYPE="READ"/>
  <AUDIT AUDIT_ID="67" USER_ID="2" USER_FULLNAME="Admin, eHour" AUDIT_DATE="2008-11-10 21:56:45.0" SUCCESS="Y" AUDIT_ACTION_TYPE="LOGIN"/>
  <AUDIT AUDIT_ID="68" USER_ID="2" USER_FULLNAME="Admin, eHour" AUDIT_DATE="2008-11-10 21:56:55.0" ACTION="getCustomers" PARAMETERS="0:true" SUCCESS="Y" AUDIT_ACTION_TYPE="READ"/>
  <AUDIT AUDIT_ID="69" USER_ID="2" USER_FULLNAME="Admin, eHour" AUDIT_DATE="2008-11-10 22:00:50.0" SUCCESS="Y" AUDIT_ACTION_TYPE="LOGIN"/>
  <AUDIT AUDIT_ID="70" USER_ID="2" USER_FULLNAME="Admin, eHour" AUDIT_DATE="2008-11-10 22:02:04.0" SUCCESS="Y" AUDIT_ACTION_TYPE="LOGOUT"/>
  <AUDIT AUDIT_ID="71" USER_ID="2" USER_FULLNAME="Admin, eHour" AUDIT_DATE="2008-11-10 22:02:09.0" SUCCESS="Y" AUDIT_ACTION_TYPE="LOGIN"/>
  <AUDIT AUDIT_ID="72" AUDIT_DATE="2008-11-10 22:16:11.0" ACTION="getUser" PARAMETERS="0:admin" SUCCESS="Y" AUDIT_ACTION_TYPE="READ"/>
  <AUDIT AUDIT_ID="73" USER_ID="2" USER_FULLNAME="Admin, eHour" AUDIT_DATE="2008-11-10 22:16:11.0" SUCCESS="Y" AUDIT_ACTION_TYPE="LOGIN"/>
  <AUDIT AUDIT_ID="74" USER_ID="2" USER_FULLNAME="Admin, eHour" AUDIT_DATE="2008-11-10 22:16:28.0" ACTION="getCustomers" PARAMETERS="0:true" SUCCESS="Y" AUDIT_ACTION_TYPE="READ"/>
  <AUDIT AUDIT_ID="75" USER_ID="2" USER_FULLNAME="Admin, eHour" AUDIT_DATE="2008-11-10 22:16:41.0" ACTION="getAllProjects" PARAMETERS="0:true" SUCCESS="Y" AUDIT_ACTION_TYPE="READ"/>
  <AUDIT AUDIT_ID="76" USER_ID="2" USER_FULLNAME="Admin, eHour" AUDIT_DATE="2008-11-10 22:16:41.0" ACTION="getCustomers" PARAMETERS="0:true" SUCCESS="Y" AUDIT_ACTION_TYPE="READ"/>
  <AUDIT AUDIT_ID="77" USER_ID="2" USER_FULLNAME="Admin, eHour" AUDIT_DATE="2008-11-10 22:16:42.0" ACTION="getUsersWithEmailSet" PARAMETERS="" SUCCESS="Y" AUDIT_ACTION_TYPE="READ"/>
  <AUDIT AUDIT_ID="78" USER_ID="2" USER_FULLNAME="Admin, eHour" AUDIT_DATE="2008-11-10 22:21:44.0" ACTION="persistProject" PARAMETERS="0:net.rrm.ehour.domain.Project@d058d1[active=true,PK=117,defaultProject=false,fullname=KIN - Kinetize,projectCode=KIN,name=Kinetize,projectId=117]" SUCCESS="Y" AUDIT_ACTION_TYPE="UPDATE"/>
  <AUDIT AUDIT_ID="79" USER_ID="2" USER_FULLNAME="Admin, eHour" AUDIT_DATE="2008-11-12 18:13:45.0" SUCCESS="Y" AUDIT_ACTION_TYPE="LOGIN"/>
  <AUDIT AUDIT_ID="80" USER_ID="2" USER_FULLNAME="Admin, eHour" AUDIT_DATE="2008-11-12 18:23:54.0" SUCCESS="Y" AUDIT_ACTION_TYPE="LOGIN"/>
  <AUDIT AUDIT_ID="81" USER_ID="2" USER_FULLNAME="Admin, eHour" AUDIT_DATE="2008-11-12 18:24:33.0" SUCCESS="Y" AUDIT_ACTION_TYPE="LOGIN"/>
  <AUDIT AUDIT_ID="82" USER_ID="2" USER_FULLNAME="Admin, eHour" AUDIT_DATE="2008-11-12 21:01:38.0" SUCCESS="Y" AUDIT_ACTION_TYPE="LOGIN"/>
  <AUDIT AUDIT_ID="83" USER_ID="2" USER_FULLNAME="Admin, eHour" AUDIT_DATE="2008-11-12 21:03:42.0" SUCCESS="Y" AUDIT_ACTION_TYPE="LOGIN"/>
  <AUDIT AUDIT_ID="84" USER_ID="2" USER_FULLNAME="Admin, eHour" AUDIT_DATE="2008-11-12 21:04:44.0" SUCCESS="Y" AUDIT_ACTION_TYPE="LOGIN"/>
  <AUDIT AUDIT_ID="85" USER_ID="2" USER_FULLNAME="Admin, eHour" AUDIT_DATE="2008-11-12 21:06:10.0" ACTION="getAllProjects" PARAMETERS="0:true" SUCCESS="Y" AUDIT_ACTION_TYPE="READ"/>
  <AUDIT AUDIT_ID="86" USER_ID="2" USER_FULLNAME="Admin, eHour" AUDIT_DATE="2008-11-12 21:06:17.0" ACTION="getCustomers" PARAMETERS="0:true" SUCCESS="Y" AUDIT_ACTION_TYPE="READ" PAGE="net.rrm.ehour.ui.page.admin.project.ProjectAdmin"/>
  <AUDIT AUDIT_ID="87" USER_ID="2" USER_FULLNAME="Admin, eHour" AUDIT_DATE="2008-11-12 21:06:30.0" ACTION="getUsersWithEmailSet" PARAMETERS="" SUCCESS="Y" AUDIT_ACTION_TYPE="READ" PAGE="net.rrm.ehour.ui.page.admin.project.ProjectAdmin"/>
  <AUDIT AUDIT_ID="88" USER_ID="2" USER_FULLNAME="Admin, eHour" AUDIT_DATE="2008-11-12 21:35:39.0" ACTION="getUsers" PARAMETERS="0:ROLE_CONSULTANT" SUCCESS="Y" AUDIT_ACTION_TYPE="READ"/>
  <AUDIT AUDIT_ID="89" USER_ID="2" USER_FULLNAME="Admin, eHour" AUDIT_DATE="2008-11-12 21:35:49.0" ACTION="getUsers" PARAMETERS="0:ROLE_CONSULTANT" SUCCESS="Y" AUDIT_ACTION_TYPE="READ"/>
  <AUDIT AUDIT_ID="90" USER_ID="2" USER_FULLNAME="Admin, eHour" AUDIT_DATE="2008-11-12 21:35:50.0" ACTION="getProjectAssignmentsForUser" PARAMETERS="0:net.rrm.ehour.domain.User@107f7fe[userId=1,username=thies,lastName=Edeling,firstName=Thies]1:true" SUCCESS="Y" AUDIT_ACTION_TYPE="READ" PAGE="net.rrm.ehour.ui.page.admin.assignment.AssignmentAdmin"/>
  <AUDIT AUDIT_ID="91" USER_ID="2" USER_FULLNAME="Admin, eHour" AUDIT_DATE="2008-11-12 21:35:50.0" ACTION="getProjectAssignmentTypes" PARAMETERS="" SUCCESS="Y" AUDIT_ACTION_TYPE="READ" PAGE="net.rrm.ehour.ui.page.admin.assignment.AssignmentAdmin"/>
  <AUDIT AUDIT_ID="92" USER_ID="2" USER_FULLNAME="Admin, eHour" AUDIT_DATE="2008-11-12 21:35:50.0" ACTION="getCustomers" PARAMETERS="0:true" SUCCESS="Y" AUDIT_ACTION_TYPE="READ" PAGE="net.rrm.ehour.ui.page.admin.assignment.AssignmentAdmin"/>
  <AUDIT AUDIT_ID="93" USER_ID="2" USER_FULLNAME="Admin, eHour" AUDIT_DATE="2008-11-12 21:35:55.0" ACTION="getAllProjects" PARAMETERS="0:true" SUCCESS="Y" AUDIT_ACTION_TYPE="READ"/>
  <AUDIT AUDIT_ID="94" USER_ID="2" USER_FULLNAME="Admin, eHour" AUDIT_DATE="2008-11-12 21:35:55.0" ACTION="getCustomers" PARAMETERS="0:true" SUCCESS="Y" AUDIT_ACTION_TYPE="READ" PAGE="net.rrm.ehour.ui.page.admin.project.ProjectAdmin"/>
  <AUDIT AUDIT_ID="95" USER_ID="2" USER_FULLNAME="Admin, eHour" AUDIT_DATE="2008-11-12 21:35:55.0" ACTION="getUsersWithEmailSet" PARAMETERS="" SUCCESS="Y" AUDIT_ACTION_TYPE="READ" PAGE="net.rrm.ehour.ui.page.admin.project.ProjectAdmin"/>
  <AUDIT AUDIT_ID="96" USER_ID="2" USER_FULLNAME="Admin, eHour" AUDIT_DATE="2008-11-12 21:36:02.0" ACTION="getUsers" PARAMETERS="0:ROLE_CONSULTANT" SUCCESS="Y" AUDIT_ACTION_TYPE="READ"/>
  <AUDIT AUDIT_ID="97" USER_ID="2" USER_FULLNAME="Admin, eHour" AUDIT_DATE="2008-11-12 21:36:05.0" ACTION="getCustomers" PARAMETERS="0:true" SUCCESS="Y" AUDIT_ACTION_TYPE="READ"/>
  <AUDIT AUDIT_ID="98" USER_ID="2" USER_FULLNAME="Admin, eHour" AUDIT_DATE="2008-11-12 21:36:09.0" ACTION="getCustomers" PARAMETERS="0:true" SUCCESS="Y" AUDIT_ACTION_TYPE="READ"/>
  <AUDIT AUDIT_ID="99" USER_ID="2" USER_FULLNAME="Admin, eHour" AUDIT_DATE="2008-11-12 21:36:12.0" ACTION="getCustomerAndCheckDeletability" PARAMETERS="0:10" SUCCESS="Y" AUDIT_ACTION_TYPE="READ" PAGE="net.rrm.ehour.ui.page.admin.customer.CustomerAdmin"/>
  
  
</dataset>
 