<?xml version='1.0' encoding='UTF-8'?>
<dataset>
  <USER_DEPARTMENT DEPARTMENT_ID="1" NAME="TE-CON" CODE="TEC"/>
  <USER_DEPARTMENT DEPARTMENT_ID="2" NAME="DUMMY DEPT" CODE="TAI"/>  
  <USER USER_ID="1" USERNAME="thies" PASSWORD="thies" FIRST_NAME="Thies" LAST_NAME="Edeling" DEPARTMENT_ID="1" EMAIL="thies@rrm.net" ACTIVE="Y"/>
  <USER USER_ID="2" USERNAME="admin" PASSWORD="admin" FIRST_NAME="Test" LAST_NAME="Adminedeizaretized" DEPARTMENT_ID="1" EMAIL="thies@te-con.nl" ACTIVE="Y"/>
  <USER USER_ID="3" USERNAME="testacc" PASSWORD="garbled" FIRST_NAME="Search" LAST_NAME="Mezed" DEPARTMENT_ID="1" EMAIL="thies@te-con.nl" ACTIVE="Y"/>
  <USER USER_ID="4" USERNAME="inactivein" PASSWORD="garbled" FIRST_NAME="Search" LAST_NAME="Mezed" DEPARTMENT_ID="1" EMAIL="thies@te-con.nl" ACTIVE="N"/>  

  <USER_ROLE ROLE="ROLE_ADMIN" NAME="Administrator"/>
  <USER_ROLE ROLE="ROLE_CONSULTANT" NAME="Consultant"/>
  <USER_ROLE ROLE="ROLE_PROJECTADMIN" NAME="Project Administrator"/>

  <USER_TO_USERROLE ROLE="ROLE_ADMIN" USER_ID="2"/>
  <USER_TO_USERROLE ROLE="ROLE_CONSULTANT" USER_ID="1"/>
  <USER_TO_USERROLE ROLE="ROLE_PROJECTADMIN" USER_ID="2"/>

  <CUSTOMER CUSTOMER_ID="1" NAME="Te-con" DESCRIPTION="Java contractor" CODE="TEC" ACTIVE="Y"/>
  <CUSTOMER CUSTOMER_ID="2" NAME="Tester" DESCRIPTION="Test customer" CODE="TEST" ACTIVE="Y"/>  
  <CUSTOMER CUSTOMER_ID="3" NAME="Inactive" DESCRIPTION="Test customer" CODE="TEST" ACTIVE="N"/>    

  <PROJECT PROJECT_ID="1" CUSTOMER_ID="1" NAME="eHour" DESCRIPTION="eHour development" CONTACT="Thies Edeling" PROJECT_CODE="EHR" DEFAULT_PROJECT="N" ACTIVE="Y"/>
  <PROJECT PROJECT_ID="2" CUSTOMER_ID="2" NAME="Days off" DESCRIPTION="Vacation days" PROJECT_CODE="DAO" DEFAULT_PROJECT="Y" ACTIVE="Y"/>
  <PROJECT PROJECT_ID="3" CUSTOMER_ID="3" NAME="Days on" DESCRIPTION="Vacation days" PROJECT_CODE="DAO" DEFAULT_PROJECT="Y" ACTIVE="N"/>  
  <PROJECT PROJECT_ID="4" CUSTOMER_ID="2" NAME="Default Project" DESCRIPTION="Vacation days" PROJECT_CODE="DEF" DEFAULT_PROJECT="Y" ACTIVE="Y"/>    
  <PROJECT PROJECT_ID="5" CUSTOMER_ID="3" NAME="Days on" DESCRIPTION="Vacation days" PROJECT_CODE="DAO" DEFAULT_PROJECT="N" ACTIVE="Y"/>  
  
  <PROJECT_ASSIGNMENT ASSIGNMENT_ID="1" PROJECT_ID="1" HOURLY_RATE="95.0" DATE_START="2006-10-01" DATE_END="2007-09-28" ROLE="Developer" USER_ID="1" ASSIGNMENT_TYPE="0" ACTIVE="Y" />
  <PROJECT_ASSIGNMENT ASSIGNMENT_ID="2" PROJECT_ID="2" DATE_START="2006-10-01" DATE_END="2006-10-23" USER_ID="1" ASSIGNMENT_TYPE="0" ACTIVE="Y" />
  <PROJECT_ASSIGNMENT ASSIGNMENT_ID="3" PROJECT_ID="2" ASSIGNMENT_TYPE="1" ACTIVE="Y" USER_ID="1"/>  
  <PROJECT_ASSIGNMENT ASSIGNMENT_ID="4" PROJECT_ID="5" ASSIGNMENT_TYPE="1" ACTIVE="N" USER_ID="1"/>    
  <PROJECT_ASSIGNMENT ASSIGNMENT_ID="5" PROJECT_ID="1" HOURLY_RATE="95.0" DATE_START="2006-10-01" DATE_END="2007-09-28" ROLE="Developer" USER_ID="1" ASSIGNMENT_TYPE="0" ACTIVE="Y" />
  <PROJECT_ASSIGNMENT ASSIGNMENT_ID="6" PROJECT_ID="1" HOURLY_RATE="92.50" ROLE="Developer" USER_ID="1" ASSIGNMENT_TYPE="2" ACTIVE="Y" ALOTTED_HOURS="400" />
  <PROJECT_ASSIGNMENT ASSIGNMENT_ID="7" PROJECT_ID="2" HOURLY_RATE="87.50" ROLE="J2EE Developer" USER_ID="2" ASSIGNMENT_TYPE="2" ACTIVE="Y" ALOTTED_HOURS="400" DATE_START="2007-02-01" />
  <PROJECT_ASSIGNMENT ASSIGNMENT_ID="8" PROJECT_ID="2" HOURLY_RATE="87.50" ROLE="J2EE Developer" USER_ID="2" ASSIGNMENT_TYPE="2" ACTIVE="Y" ALOTTED_HOURS="400" DATE_START="2006-12-30" DATE_END="2007-01-30"/>
  <PROJECT_ASSIGNMENT ASSIGNMENT_ID="9" PROJECT_ID="1" HOURLY_RATE="92.50" ROLE="Developer" USER_ID="1" ASSIGNMENT_TYPE="2" ACTIVE="N" ALOTTED_HOURS="400" />

  <TIMESHEET_ENTRY ASSIGNMENT_ID="1" ENTRY_DATE="2006-10-02" HOURS="8.0"/>
  <TIMESHEET_ENTRY ASSIGNMENT_ID="1" ENTRY_DATE="2006-10-03" HOURS="4.0"/>
  <TIMESHEET_ENTRY ASSIGNMENT_ID="2" ENTRY_DATE="2006-10-03" HOURS="4.0"/>
  <TIMESHEET_ENTRY ASSIGNMENT_ID="1" ENTRY_DATE="2006-10-04" HOURS="2.0"/>
  <TIMESHEET_ENTRY ASSIGNMENT_ID="2" ENTRY_DATE="2006-10-04" HOURS="3.0"/>
  <TIMESHEET_ENTRY ASSIGNMENT_ID="1" ENTRY_DATE="2006-10-06" HOURS="6.5"/>
  <TIMESHEET_ENTRY ASSIGNMENT_ID="1" ENTRY_DATE="2006-10-10" HOURS="9.0"/>
  <TIMESHEET_ENTRY ASSIGNMENT_ID="1" ENTRY_DATE="2006-10-31" HOURS="9.2"/>  
  <TIMESHEET_ENTRY ASSIGNMENT_ID="5" ENTRY_DATE="2006-10-03" HOURS="9.2"/>    
  <TIMESHEET_ENTRY ASSIGNMENT_ID="5" ENTRY_DATE="2007-02-02" HOURS="8.0"/>
  
  <TIMESHEET_COMMENT USER_ID="1" COMMENT_DATE="2007-1-7" COMMENT="Had to go to the dentist"/>
  <TIMESHEET_COMMENT USER_ID="1" COMMENT_DATE="2007-1-14" COMMENT="Had to go to the dentist again"/>
  <TIMESHEET_COMMENT USER_ID="2" COMMENT_DATE="2007-1-21" COMMENT="Had to go to the dentist as well"/>    
  <TIMESHEET_COMMENT USER_ID="3" COMMENT_DATE="2007-1-28" COMMENT="There is an infectious dentist thing going on!"/>      
</dataset>
 