<?xml version='1.0' encoding='UTF-8'?>
<dataset>
  <USER_DEPARTMENT DEPARTMENT_ID="1" NAME="TE-CON" CODE="TEC"/>
  <USER_DEPARTMENT DEPARTMENT_ID="2" NAME="DUMMY DEPT" CODE="TAI"/>  
  <USER USER_ID="1" USERNAME="thies" PASSWORD="thies" FIRST_NAME="Thies" LAST_NAME="Edeling" DEPARTMENT_ID="1" EMAIL="thies@rrm.net"/>
  <USER USER_ID="2" USERNAME="admin" PASSWORD="admin" FIRST_NAME="Test" LAST_NAME="Adminedeizaretized" DEPARTMENT_ID="1" EMAIL="thies@te-con.nl"/>
  <USER USER_ID="3" USERNAME="testacc" PASSWORD="garbled" FIRST_NAME="Search" LAST_NAME="Mezed" DEPARTMENT_ID="1" EMAIL="thies@te-con.nl"/>
  <USER_ROLE ROLE="ROLE_ADMIN" NAME="Administrator"/>
  <USER_ROLE ROLE="ROLE_CONSULTANT" NAME="Consultant"/>
  <USER_ROLE ROLE="ROLE_PROJECTADMIN" NAME="Project Administrator"/>
  <USER_TO_USERROLE ROLE="ROLE_ADMIN" USER_ID="2"/>
  <USER_TO_USERROLE ROLE="ROLE_CONSULTANT" USER_ID="1"/>
  <USER_TO_USERROLE ROLE="ROLE_PROJECTADMIN" USER_ID="2"/>
  <CUSTOMER CUSTOMER_ID="1" NAME="Te-con" DESCRIPTION="Java contractor" CODE="TEC"/>
  <CUSTOMER CUSTOMER_ID="2" NAME="Tester" DESCRIPTION="Test customer" CODE="TEST"/>  
  <PROJECT PROJECT_ID="1" CUSTOMER_ID="1" NAME="eHour" DESCRIPTION="eHour development" CONTACT="Thies Edeling" PROJECT_CODE="EHR" DEFAULT_PROJECT="N"/>
  <PROJECT PROJECT_ID="2" NAME="Days off" DESCRIPTION="Vacation days" PROJECT_CODE="DAO" DEFAULT_PROJECT="Y"/>
  <PROJECT_ASSIGNMENT ASSIGNMENT_ID="1" PROJECT_ID="1" HOURLY_RATE="95.0" DATE_START="2006-10-01" DATE_END="2007-09-28" DESCRIPTION="Developer" USER_ID="1"/>
  <PROJECT_ASSIGNMENT ASSIGNMENT_ID="2" PROJECT_ID="2" DATE_START="2006-10-01" DATE_END="2006-10-23" USER_ID="1"/>
  <TIMESHEET_ENTRY ASSIGNMENT_ID="1" ENTRY_DATE="2006-10-02" HOURS="8.0"/>
  <TIMESHEET_ENTRY ASSIGNMENT_ID="1" ENTRY_DATE="2006-10-03" HOURS="4.0"/>
  <TIMESHEET_ENTRY ASSIGNMENT_ID="2" ENTRY_DATE="2006-10-03" HOURS="4.0"/>
  <TIMESHEET_ENTRY ASSIGNMENT_ID="1" ENTRY_DATE="2006-10-04" HOURS="2.0"/>
  <TIMESHEET_ENTRY ASSIGNMENT_ID="2" ENTRY_DATE="2006-10-04" HOURS="3.0"/>
  <TIMESHEET_ENTRY ASSIGNMENT_ID="1" ENTRY_DATE="2006-10-06" HOURS="6.5"/>
  <TIMESHEET_COMMENT USER_ID="1" COMMENT_DATE="2006-10-03" COMMENT="Had to go to the dentist"/>
</dataset>
